<?xml version="1.0" encoding="UTF-8"?>
<!-- Generated by org.testng.reporters.JUnitReportReporter -->
<testsuite hostname="Chethanreddy" failures="0" tests="1" name="chethan1.Demo3" time="9.049" errors="0" timestamp="2024-07-13T20:34:53 IST" skipped="0">
  <testcase classname="chethan1.Demo3" name="f" time="9.049"/>
  <system-out/>
</testsuite> <!-- chethan1.Demo3 -->
